<?xml version="1.0" encoding="UTF-8"?>
<!-- Generated by org.testng.reporters.JUnitReportReporter -->
<testsuite skipped="0" hostname="Mohits-MacBook-Pro.local" name="TestCases" tests="1" failures="0" timestamp="2020-08-05T19:47:08 PDT" time="3.110" errors="0">
  <testcase name="get_data" time="3.110" classname="TestCases"/>
  <system-out/>
</testsuite> <!-- TestCases -->
